/sw/bioinfo/quast/5.0.2/snowy/bin/quast.py -t 2 -o /home/mathi/genome_analysis/durianproject/analyses/7_quality_assessment_quast -e /home/mathi/genome_analysis/durianproject/analyses/6_improvement_pilon/pilon.fasta

Version: 5.0.2

System information:
  OS: Linux-3.10.0-1160.59.1.el7.x86_64-x86_64-with-centos-7.9.2009-Core (linux_64)
  Python version: 3.7.2
  CPUs number: 16

Started: 2022-04-21 11:21:46

Logging to /home/mathi/genome_analysis/durianproject/analyses/7_quality_assessment_quast/quast.log

CWD: /domus/h1/mathi/genome_analysis/durianproject/code
Main parameters: 
  MODE: default, threads: 2, eukaryotic: true, minimum contig length: 500, minimum alignment length: 65, \
  ambiguity: one, threshold for extensive misassembly size: 1000

Contigs:
  Pre-processing...
  /home/mathi/genome_analysis/durianproject/analyses/6_improvement_pilon/pilon.fasta ==> pilon

2022-04-21 11:21:49
Running Basic statistics processor...
  Contig files: 
    pilon
  Calculating N50 and L50...
    pilon, N50 = 276902, L50 = 20, Total length = 28680517, GC % = 31.44, # N's per 100 kbp =  0.00
  Drawing Nx plot...
    saved to /home/mathi/genome_analysis/durianproject/analyses/7_quality_assessment_quast/basic_stats/Nx_plot.pdf
  Drawing cumulative plot...
    saved to /home/mathi/genome_analysis/durianproject/analyses/7_quality_assessment_quast/basic_stats/cumulative_plot.pdf
  Drawing GC content plot...
    saved to /home/mathi/genome_analysis/durianproject/analyses/7_quality_assessment_quast/basic_stats/GC_content_plot.pdf
  Drawing pilon GC content plot...
    saved to /home/mathi/genome_analysis/durianproject/analyses/7_quality_assessment_quast/basic_stats/pilon_GC_content_plot.pdf
Done.

NOTICE: Genes are not predicted by default. Use --gene-finding or --glimmer option to enable it.

2022-04-21 11:21:52
Creating large visual summaries...
This may take a while: press Ctrl-C to skip this step..
  1 of 2: Creating Icarus viewers...
  2 of 2: Creating PDF with all tables and plots...
Done

2022-04-21 11:21:53
RESULTS:
  Text versions of total report are saved to /home/mathi/genome_analysis/durianproject/analyses/7_quality_assessment_quast/report.txt, report.tsv, and report.tex
  Text versions of transposed total report are saved to /home/mathi/genome_analysis/durianproject/analyses/7_quality_assessment_quast/transposed_report.txt, transposed_report.tsv, and transposed_report.tex
  HTML version (interactive tables and plots) is saved to /home/mathi/genome_analysis/durianproject/analyses/7_quality_assessment_quast/report.html
  PDF version (tables and plots) is saved to /home/mathi/genome_analysis/durianproject/analyses/7_quality_assessment_quast/report.pdf
  Icarus (contig browser) is saved to /home/mathi/genome_analysis/durianproject/analyses/7_quality_assessment_quast/icarus.html
  Log is saved to /home/mathi/genome_analysis/durianproject/analyses/7_quality_assessment_quast/quast.log

Finished: 2022-04-21 11:21:53
Elapsed time: 0:00:06.571509
NOTICEs: 1; WARNINGs: 0; non-fatal ERRORs: 0

Thank you for using QUAST!
