canu/2.2 has the useGrid option default set to useGrid=false. This can be overriden by another configuration file or a command-line option.
-- canu snapshot v2.2 +0 changes (r10279 af9c6e709ff2d6473cf966702c420b9eb42d9078)
--
-- CITATIONS
--
-- For 'standard' assemblies of PacBio or Nanopore reads:
--   Koren S, Walenz BP, Berlin K, Miller JR, Phillippy AM.
--   Canu: scalable and accurate long-read assembly via adaptive k-mer weighting and repeat separation.
--   Genome Res. 2017 May;27(5):722-736.
--   http://doi.org/10.1101/gr.215087.116
-- 
-- Read and contig alignments during correction and consensus use:
--   Šošic M, Šikic M.
--   Edlib: a C/C ++ library for fast, exact sequence alignment using edit distance.
--   Bioinformatics. 2017 May 1;33(9):1394-1395.
--   http://doi.org/10.1093/bioinformatics/btw753
-- 
-- Overlaps are generated using:
--   Berlin K, et al.
--   Assembling large genomes with single-molecule sequencing and locality-sensitive hashing.
--   Nat Biotechnol. 2015 Jun;33(6):623-30.
--   http://doi.org/10.1038/nbt.3238
-- 
--   Myers EW, et al.
--   A Whole-Genome Assembly of Drosophila.
--   Science. 2000 Mar 24;287(5461):2196-204.
--   http://doi.org/10.1126/science.287.5461.2196
-- 
-- Corrected read consensus sequences are generated using an algorithm derived from FALCON-sense:
--   Chin CS, et al.
--   Phased diploid genome assembly with single-molecule real-time sequencing.
--   Nat Methods. 2016 Dec;13(12):1050-1054.
--   http://doi.org/10.1038/nmeth.4035
-- 
-- Contig consensus sequences are generated using an algorithm derived from pbdagcon:
--   Chin CS, et al.
--   Nonhybrid, finished microbial genome assemblies from long-read SMRT sequencing data.
--   Nat Methods. 2013 Jun;10(6):563-9
--   http://doi.org/10.1038/nmeth.2474
-- 
-- CONFIGURE CANU
--
-- Detected Java(TM) Runtime Environment '1.8.0_151' (from '/sw/comp/java/x86_64/sun_jdk1.8.0_151/bin/java') with -d64 support.
-- Detected gnuplot version '4.6 patchlevel 2   ' (from 'gnuplot') and image format 'png'.
--
-- Detected 4 CPUs and 32000 gigabytes of memory on the local machine.
--
-- Detected Slurm with 'sinfo' binary in /usr/bin/sinfo.
--          Slurm disabled by useGrid=false
--
-- Local machine mode enabled; grid support not detected or not allowed.
--
--                                (tag)Concurrency
--                         (tag)Threads          |
--                (tag)Memory         |          |
--        (tag)             |         |          |       total usage      algorithm
--        -------  ----------  --------   --------  --------------------  -----------------------------
-- Local: meryl     12.000 GB    4 CPUs x   1 job     12.000 GB   4 CPUs  (k-mer counting)
-- Local: hap        8.000 GB    4 CPUs x   1 job      8.000 GB   4 CPUs  (read-to-haplotype assignment)
-- Local: cormhap    6.000 GB    4 CPUs x   1 job      6.000 GB   4 CPUs  (overlap detection with mhap)
-- Local: obtovl     4.000 GB    4 CPUs x   1 job      4.000 GB   4 CPUs  (overlap detection)
-- Local: utgovl     4.000 GB    4 CPUs x   1 job      4.000 GB   4 CPUs  (overlap detection)
-- Local: cor        -.--- GB    4 CPUs x   - jobs     -.--- GB   - CPUs  (read correction)
-- Local: ovb        4.000 GB    1 CPU  x   4 jobs    16.000 GB   4 CPUs  (overlap store bucketizer)
-- Local: ovs        8.000 GB    1 CPU  x   4 jobs    32.000 GB   4 CPUs  (overlap store sorting)
-- Local: red       16.000 GB    4 CPUs x   1 job     16.000 GB   4 CPUs  (read error detection)
-- Local: oea        8.000 GB    1 CPU  x   4 jobs    32.000 GB   4 CPUs  (overlap error adjustment)
-- Local: bat       16.000 GB    4 CPUs x   1 job     16.000 GB   4 CPUs  (contig construction with bogart)
-- Local: cns        -.--- GB    4 CPUs x   - jobs     -.--- GB   - CPUs  (consensus)
--
-- Found untrimmed raw PacBio CLR reads in the input files.
--
-- Generating assembly 'ass_pb' in '/domus/h1/mathi/genome_analysis/durianproject/analyses/2_assembly':
--   genomeSize:
--     24000000
--
--   Overlap Generation Limits:
--     corOvlErrorRate 0.2400 ( 24.00%)
--     obtOvlErrorRate 0.0450 (  4.50%)
--     utgOvlErrorRate 0.0450 (  4.50%)
--
--   Overlap Processing Limits:
--     corErrorRate    0.2500 ( 25.00%)
--     obtErrorRate    0.0450 (  4.50%)
--     utgErrorRate    0.0450 (  4.50%)
--     cnsErrorRate    0.0750 (  7.50%)
--
--   Stages to run:
--     correct raw reads.
--     trim corrected reads.
--     assemble corrected and trimmed reads.
--
--
-- BEGIN CORRECTION
----------------------------------------
-- Starting command on Fri Apr  8 14:53:21 2022 with 16197.802 GB free disk space

    cd .
    ./ass_pb.seqStore.sh \
    > ./ass_pb.seqStore.err 2>&1

-- Finished on Fri Apr  8 14:53:53 2022 (32 seconds) with 16196.341 GB free disk space
----------------------------------------
--
-- In sequence store './ass_pb.seqStore':
--   Found 233852 reads.
--   Found 1761712202 bases (73.4 times coverage).
--    Histogram of raw reads:
--    
--    G=1761712202                       sum of  ||               length     num
--    NG         length     index       lengths  ||                range    seqs
--    ----- ------------ --------- ------------  ||  ------------------- -------
--    00010        17031      8654    176178533  ||       1000-1936        17877|-----------------------------------------------------------
--    00020        14043     20123    352354510  ||       1937-2873        18585|-------------------------------------------------------------
--    00030        12194     33625    528519280  ||       2874-3810        19330|---------------------------------------------------------------
--    00040        10811     48998    704685310  ||       3811-4747        19259|---------------------------------------------------------------
--    00050         9675     66237    880861919  ||       4748-5684        18569|-------------------------------------------------------------
--    00060         8581     85553   1057032673  ||       5685-6621        17832|-----------------------------------------------------------
--    00070         7402    107602   1233200011  ||       6622-7558        17736|----------------------------------------------------------
--    00080         6014    133858   1409373856  ||       7559-8495        17554|----------------------------------------------------------
--    00090         4289    168120   1585543046  ||       8496-9432        16758|-------------------------------------------------------
--    00100         1000    233851   1761712202  ||       9433-10369       15171|--------------------------------------------------
--    001.000x              233852   1761712202  ||      10370-11306       12418|-----------------------------------------
--                                               ||      11307-12243        9582|--------------------------------
--                                               ||      12244-13180        7519|-------------------------
--                                               ||      13181-14117        5955|--------------------
--                                               ||      14118-15054        4450|---------------
--                                               ||      15055-15991        3504|------------
--                                               ||      15992-16928        2837|----------
--                                               ||      16929-17865        2166|--------
--                                               ||      17866-18802        1644|------
--                                               ||      18803-19739        1278|-----
--                                               ||      19740-20676         981|----
--                                               ||      20677-21613         700|---
--                                               ||      21614-22550         518|--
--                                               ||      22551-23487         375|--
--                                               ||      23488-24424         306|-
--                                               ||      24425-25361         225|-
--                                               ||      25362-26298         165|-
--                                               ||      26299-27235         138|-
--                                               ||      27236-28172         110|-
--                                               ||      28173-29109          69|-
--                                               ||      29110-30046          71|-
--                                               ||      30047-30983          40|-
--                                               ||      30984-31920          40|-
--                                               ||      31921-32857          26|-
--                                               ||      32858-33794          16|-
--                                               ||      33795-34731          14|-
--                                               ||      34732-35668          12|-
--                                               ||      35669-36605           3|-
--                                               ||      36606-37542           6|-
--                                               ||      37543-38479           3|-
--                                               ||      38480-39416           4|-
--                                               ||      39417-40353           2|-
--                                               ||      40354-41290           0|
--                                               ||      41291-42227           0|
--                                               ||      42228-43164           2|-
--                                               ||      43165-44101           1|-
--                                               ||      44102-45038           0|
--                                               ||      45039-45975           0|
--                                               ||      45976-46912           0|
--                                               ||      46913-47849           1|-
--    
----------------------------------------
-- Starting command on Fri Apr  8 14:53:55 2022 with 16196.338 GB free disk space

    cd correction/0-mercounts
    ./meryl-configure.sh \
    > ./meryl-configure.err 2>&1

-- Finished on Fri Apr  8 14:53:55 2022 (fast as lightning) with 16196.337 GB free disk space
----------------------------------------
--  segments   memory batches
--  -------- -------- -------
--        01  3.81 GB       2
--        02  2.00 GB       2
--        04  1.13 GB       2
--        06  0.76 GB       2
--        08  0.57 GB       2
--        12  0.38 GB       2
--        16  0.29 GB       2
--
--  For 233852 reads with 1761712202 bases, limit to 17 batches.
--  Will count kmers using 01 jobs, each using 5 GB and 4 threads.
--
-- Finished stage 'merylConfigure', reset canuIteration.
--
-- Running jobs.  First attempt out of 2.
----------------------------------------
-- Starting 'meryl' concurrent execution on Fri Apr  8 14:53:55 2022 with 16196.337 GB free disk space (1 processes; 1 concurrently)

    cd correction/0-mercounts
    ./meryl-count.sh 1 > ./meryl-count.000001.out 2>&1

-- Finished on Fri Apr  8 14:58:21 2022 (266 seconds) with 16252.722 GB free disk space
----------------------------------------
-- Found 1 Kmer counting (meryl) outputs.
-- Finished stage 'cor-merylCountCheck', reset canuIteration.
--
-- Running jobs.  First attempt out of 2.
----------------------------------------
-- Starting 'meryl' concurrent execution on Fri Apr  8 14:58:21 2022 with 16252.722 GB free disk space (1 processes; 1 concurrently)

    cd correction/0-mercounts
    ./meryl-process.sh 1 > ./meryl-process.000001.out 2>&1

-- Finished on Fri Apr  8 14:59:00 2022 (39 seconds) with 16261.692 GB free disk space
----------------------------------------
-- Meryl finished successfully.  Kmer frequency histogram:
--
--  16-mers                                                                                           Fraction
--    Occurrences   NumMers                                                                         Unique Total
--       1-     1         0                                                                        0.0000 0.0000
--       2-     2 111976142 ********************************************************************** 0.4552 0.1613
--       3-     5  84496836 ****************************************************                   0.6441 0.2617
--       6-    10  28612835 *****************                                                      0.8368 0.4220
--      11-    17  11848295 *******                                                                0.9261 0.5574
--      18-    26   4400054 **                                                                     0.9664 0.6597
--      27-    37   1837586 *                                                                      0.9821 0.7212
--      38-    50    928233                                                                        0.9889 0.7602
--      51-    65    565338                                                                        0.9925 0.7882
--      66-    82    371103                                                                        0.9947 0.8110
--      83-   101    246584                                                                        0.9962 0.8303
--     102-   122    168875                                                                        0.9972 0.8462
--     123-   145    120030                                                                        0.9978 0.8596
--     146-   170     87965                                                                        0.9983 0.8710
--     171-   197     66238                                                                        0.9987 0.8809
--     198-   226     50760                                                                        0.9989 0.8895
--     227-   257     38818                                                                        0.9991 0.8972
--     258-   290     28175                                                                        0.9993 0.9039
--     291-   325     21099                                                                        0.9994 0.9094
--     326-   362     16686                                                                        0.9995 0.9140
--     363-   401     13937                                                                        0.9995 0.9181
--     402-   442     11728                                                                        0.9996 0.9220
--     443-   485      9958                                                                        0.9997 0.9255
--     486-   530      8614                                                                        0.9997 0.9288
--     531-   577      7394                                                                        0.9997 0.9320
--     578-   626      6306                                                                        0.9998 0.9349
--     627-   677      5418                                                                        0.9998 0.9376
--     678-   730      4564                                                                        0.9998 0.9402
--     731-   785      4041                                                                        0.9998 0.9425
--     786-   842      3433                                                                        0.9998 0.9447
--     843-   901      3187                                                                        0.9999 0.9467
--     902-   962      2741                                                                        0.9999 0.9487
--     963-  1025      2573                                                                        0.9999 0.9505
--    1026-  1090      2355                                                                        0.9999 0.9523
--    1091-  1157      2104                                                                        0.9999 0.9541
--    1158-  1226      1915                                                                        0.9999 0.9558
--    1227-  1297      1762                                                                        0.9999 0.9575
--    1298-  1370      1537                                                                        0.9999 0.9591
--    1371-  1445      1379                                                                        0.9999 0.9606
--    1446-  1522      1239                                                                        0.9999 0.9619
--    1523-  1601      1164                                                                        0.9999 0.9633
--
--           0 (max occurrences)
--  1388336894 (total mers, non-unique)
--   245993316 (distinct mers, non-unique)
--           0 (unique mers)
-- Finished stage 'meryl-process', reset canuIteration.
--
-- Removing meryl database 'correction/0-mercounts/ass_pb.ms16'.
--
-- OVERLAPPER (mhap) (correction)
--
-- Set corMhapSensitivity=low based on read coverage of 73.4.
--
-- PARAMETERS: hashes=256, minMatches=3, threshold=0.8
--
-- Given 5.4 GB, can fit 16200 reads per block.
-- For 16 blocks, set stride to 4 blocks.
-- Logging partitioning to 'correction/1-overlapper/partitioning.log'.
-- Configured 15 mhap precompute jobs.
-- Configured 33 mhap overlap jobs.
-- Finished stage 'cor-mhapConfigure', reset canuIteration.
--
-- Running jobs.  First attempt out of 2.
----------------------------------------
-- Starting 'cormhap' concurrent execution on Fri Apr  8 14:59:00 2022 with 16261.597 GB free disk space (15 processes; 1 concurrently)

    cd correction/1-overlapper
    ./precompute.sh 1 > ./precompute.000001.out 2>&1
    ./precompute.sh 2 > ./precompute.000002.out 2>&1
    ./precompute.sh 3 > ./precompute.000003.out 2>&1
    ./precompute.sh 4 > ./precompute.000004.out 2>&1
    ./precompute.sh 5 > ./precompute.000005.out 2>&1
    ./precompute.sh 6 > ./precompute.000006.out 2>&1
    ./precompute.sh 7 > ./precompute.000007.out 2>&1
    ./precompute.sh 8 > ./precompute.000008.out 2>&1
    ./precompute.sh 9 > ./precompute.000009.out 2>&1
    ./precompute.sh 10 > ./precompute.000010.out 2>&1
    ./precompute.sh 11 > ./precompute.000011.out 2>&1
    ./precompute.sh 12 > ./precompute.000012.out 2>&1
    ./precompute.sh 13 > ./precompute.000013.out 2>&1
    ./precompute.sh 14 > ./precompute.000014.out 2>&1
    ./precompute.sh 15 > ./precompute.000015.out 2>&1

-- Finished on Fri Apr  8 17:15:11 2022 (8171 seconds) with 16164.886 GB free disk space
----------------------------------------
-- All 15 mhap precompute jobs finished successfully.
-- Finished stage 'cor-mhapPrecomputeCheck', reset canuIteration.
--
-- Running jobs.  First attempt out of 2.
----------------------------------------
-- Starting 'cormhap' concurrent execution on Fri Apr  8 17:15:11 2022 with 16164.885 GB free disk space (33 processes; 1 concurrently)

    cd correction/1-overlapper
    ./mhap.sh 1 > ./mhap.000001.out 2>&1
    ./mhap.sh 2 > ./mhap.000002.out 2>&1
    ./mhap.sh 3 > ./mhap.000003.out 2>&1
    ./mhap.sh 4 > ./mhap.000004.out 2>&1
    ./mhap.sh 5 > ./mhap.000005.out 2>&1
    ./mhap.sh 6 > ./mhap.000006.out 2>&1
    ./mhap.sh 7 > ./mhap.000007.out 2>&1
    ./mhap.sh 8 > ./mhap.000008.out 2>&1
    ./mhap.sh 9 > ./mhap.000009.out 2>&1
    ./mhap.sh 10 > ./mhap.000010.out 2>&1
    ./mhap.sh 11 > ./mhap.000011.out 2>&1
    ./mhap.sh 12 > ./mhap.000012.out 2>&1
    ./mhap.sh 13 > ./mhap.000013.out 2>&1
    ./mhap.sh 14 > ./mhap.000014.out 2>&1
    ./mhap.sh 15 > ./mhap.000015.out 2>&1
    ./mhap.sh 16 > ./mhap.000016.out 2>&1
    ./mhap.sh 17 > ./mhap.000017.out 2>&1
    ./mhap.sh 18 > ./mhap.000018.out 2>&1
    ./mhap.sh 19 > ./mhap.000019.out 2>&1
    ./mhap.sh 20 > ./mhap.000020.out 2>&1
    ./mhap.sh 21 > ./mhap.000021.out 2>&1
    ./mhap.sh 22 > ./mhap.000022.out 2>&1
    ./mhap.sh 23 > ./mhap.000023.out 2>&1
    ./mhap.sh 24 > ./mhap.000024.out 2>&1
    ./mhap.sh 25 > ./mhap.000025.out 2>&1
    ./mhap.sh 26 > ./mhap.000026.out 2>&1
    ./mhap.sh 27 > ./mhap.000027.out 2>&1
    ./mhap.sh 28 > ./mhap.000028.out 2>&1
    ./mhap.sh 29 > ./mhap.000029.out 2>&1
    ./mhap.sh 30 > ./mhap.000030.out 2>&1
    ./mhap.sh 31 > ./mhap.000031.out 2>&1
    ./mhap.sh 32 > ./mhap.000032.out 2>&1
    ./mhap.sh 33 > ./mhap.000033.out 2>&1

-- Finished on Fri Apr  8 18:19:12 2022 (3841 seconds) with 16143.269 GB free disk space
----------------------------------------
-- Found 33 mhap overlap output files.
-- Finished stage 'cor-mhapCheck', reset canuIteration.
----------------------------------------
-- Starting command on Fri Apr  8 18:19:12 2022 with 16143.261 GB free disk space

    cd correction
    /sw/bioinfo/canu/2.2/rackham/bin/ovStoreConfig \
     -S ../ass_pb.seqStore \
     -M 4-8 \
     -L ./1-overlapper/ovljob.files \
     -create ./ass_pb.ovlStore.config \
     > ./ass_pb.ovlStore.config.txt \
    2> ./ass_pb.ovlStore.config.err

-- Finished on Fri Apr  8 18:19:12 2022 (in the blink of an eye) with 16143.261 GB free disk space
----------------------------------------
--
-- Creating overlap store correction/ass_pb.ovlStore using:
--      2 buckets
--      2 slices
--        using at most 7 GB memory each
-- Finished stage 'cor-overlapStoreConfigure', reset canuIteration.
--
-- Running jobs.  First attempt out of 2.
----------------------------------------
-- Starting 'ovB' concurrent execution on Fri Apr  8 18:19:12 2022 with 16143.26 GB free disk space (2 processes; 4 concurrently)

    cd correction/ass_pb.ovlStore.BUILDING
    ./scripts/1-bucketize.sh 1 > ./logs/1-bucketize.000001.out 2>&1
    ./scripts/1-bucketize.sh 2 > ./logs/1-bucketize.000002.out 2>&1

-- Finished on Fri Apr  8 18:20:15 2022 (63 seconds) with 16138.532 GB free disk space
----------------------------------------
-- Overlap store bucketizer finished.
-- Finished stage 'cor-overlapStoreBucketizerCheck', reset canuIteration.
--
-- Running jobs.  First attempt out of 2.
----------------------------------------
-- Starting 'ovS' concurrent execution on Fri Apr  8 18:20:15 2022 with 16138.529 GB free disk space (2 processes; 4 concurrently)

    cd correction/ass_pb.ovlStore.BUILDING
    ./scripts/2-sort.sh 1 > ./logs/2-sort.000001.out 2>&1
    ./scripts/2-sort.sh 2 > ./logs/2-sort.000002.out 2>&1

-- Finished on Fri Apr  8 18:22:47 2022 (152 seconds) with 16132.082 GB free disk space
----------------------------------------
-- Overlap store sorter finished.
-- Finished stage 'cor-overlapStoreSorterCheck', reset canuIteration.
----------------------------------------
-- Starting command on Fri Apr  8 18:22:47 2022 with 16132.082 GB free disk space

    cd correction
    /sw/bioinfo/canu/2.2/rackham/bin/ovStoreIndexer \
      -O  ./ass_pb.ovlStore.BUILDING \
      -S ../ass_pb.seqStore \
      -C  ./ass_pb.ovlStore.config \
      -delete \
    > ./ass_pb.ovlStore.BUILDING.index.err 2>&1

-- Finished on Fri Apr  8 18:22:47 2022 (like a bat out of hell) with 16132.058 GB free disk space
----------------------------------------
-- Overlap store indexer finished.
-- Checking store.
----------------------------------------
-- Starting command on Fri Apr  8 18:22:47 2022 with 16132.058 GB free disk space

    cd correction
    /sw/bioinfo/canu/2.2/rackham/bin/ovStoreDump \
     -S ../ass_pb.seqStore \
     -O  ./ass_pb.ovlStore \
     -counts \
     > ./ass_pb.ovlStore/counts.dat 2> ./ass_pb.ovlStore/counts.err

-- Finished on Fri Apr  8 18:22:48 2022 (one second) with 16132.056 GB free disk space
----------------------------------------
--
-- Overlap store 'correction/ass_pb.ovlStore' successfully constructed.
-- Found 274669132 overlaps for 214543 reads; 19309 reads have no overlaps.
--
--
-- Purged 6.389 GB in 81 overlap output files.
-- Finished stage 'cor-createOverlapStore', reset canuIteration.
-- Set corMinCoverage=4 based on read coverage of 73.4.
-- Computing correction layouts.
--   Local  filter coverage   80
--   Global filter coverage   40
----------------------------------------
-- Starting command on Fri Apr  8 18:22:49 2022 with 16132.027 GB free disk space

    cd correction
    /sw/bioinfo/canu/2.2/rackham/bin/generateCorrectionLayouts \
      -S ../ass_pb.seqStore \
      -O  ./ass_pb.ovlStore \
      -C  ./ass_pb.corStore.WORKING \
      -eC 80 \
      -xC 40 \
    > ./ass_pb.corStore.err 2>&1

-- Finished on Fri Apr  8 18:23:12 2022 (23 seconds) with 16131.742 GB free disk space
----------------------------------------
-- Finished stage 'cor-buildCorrectionLayoutsConfigure', reset canuIteration.
-- Computing correction layouts.
----------------------------------------
-- Starting command on Fri Apr  8 18:23:12 2022 with 16131.742 GB free disk space

    cd correction/2-correction
    /sw/bioinfo/canu/2.2/rackham/bin/filterCorrectionLayouts \
      -S  ../../ass_pb.seqStore \
      -C     ../ass_pb.corStore \
      -R      ./ass_pb.readsToCorrect.WORKING \
      -cc 4 \
      -cl 1000 \
      -g  24000000 \
      -c  40 \
    > ./ass_pb.readsToCorrect.err 2>&1

-- Finished on Fri Apr  8 18:23:14 2022 (2 seconds) with 16131.725 GB free disk space
----------------------------------------
--                             original      original
--                            raw reads     raw reads
--   category                w/overlaps  w/o/overlaps
--   -------------------- ------------- -------------
--   Number of Reads             195238         38614
--   Number of Bases         1517117055     117547468
--   Coverage                    63.213         4.898
--   Median                        7226             0
--   Mean                          7770          3044
--   N50                           9796          8304
--   Minimum                       1000             0
--   Maximum                      42756         35263
--   
--                                        --------corrected---------  ----------rescued----------
--                             evidence                     expected                     expected
--   category                     reads            raw     corrected            raw     corrected
--   -------------------- -------------  ------------- -------------  ------------- -------------
--   Number of Reads             205113         106181        106181            948           948
--   Number of Bases         1574618186     1051199467     960000319        4545298       1964896
--   Coverage                    65.609         43.800        40.000          0.189         0.082
--   Median                        7104           9190          8380           3424          1858
--   Mean                          7676           9900          9041           4794          2072
--   N50                           9729          10591          9748           7970          2280
--   Minimum                       1000           4287          4285           1014          1001
--   Maximum                      42756          40201         35448          22148          4263
--   
--                        --------uncorrected--------
--                                           expected
--   category                       raw     corrected
--   -------------------- ------------- -------------
--   Number of Reads             126723        126723
--   Number of Bases          578919758     119948541
--   Coverage                    24.122         4.998
--   Median                        3583             0
--   Mean                          4568           946
--   N50                           7295          3082
--   Minimum                          0             0
--   Maximum                      42756         36371
--   
--   Maximum Memory           908917796
-- Finished stage 'cor-filterCorrectionLayouts', reset canuIteration.
--
-- Correction jobs estimated to need at most 0.846 GB for computation.
-- Correction jobs will request 6 GB each.
--
-- Local: cor        6.000 GB    4 CPUs x   1 job      6.000 GB   4 CPUs  (read correction)
--
--
-- Configuring correction jobs:
--   Reads estimated to need at most 0.846 GB for computation.
--   Jobs will request 6 GB each.
----------------------------------------
-- Starting command on Fri Apr  8 18:23:14 2022 with 16131.725 GB free disk space

    cd correction/2-correction
    ./correctReadsPartition.sh \
    > ./correctReadsPartition.err 2>&1

-- Finished on Fri Apr  8 18:23:14 2022 (lickety-split) with 16131.725 GB free disk space
----------------------------------------
-- Finished stage 'cor-generateCorrectedReadsConfigure', reset canuIteration.
--
-- Running jobs.  First attempt out of 2.
----------------------------------------
-- Starting 'cor' concurrent execution on Fri Apr  8 18:23:14 2022 with 16131.725 GB free disk space (11 processes; 1 concurrently)

    cd correction/2-correction
    ./correctReads.sh 1 > ./correctReads.000001.out 2>&1
    ./correctReads.sh 2 > ./correctReads.000002.out 2>&1
    ./correctReads.sh 3 > ./correctReads.000003.out 2>&1
    ./correctReads.sh 4 > ./correctReads.000004.out 2>&1
    ./correctReads.sh 5 > ./correctReads.000005.out 2>&1
    ./correctReads.sh 6 > ./correctReads.000006.out 2>&1
    ./correctReads.sh 7 > ./correctReads.000007.out 2>&1
    ./correctReads.sh 8 > ./correctReads.000008.out 2>&1
    ./correctReads.sh 9 > ./correctReads.000009.out 2>&1
    ./correctReads.sh 10 > ./correctReads.000010.out 2>&1
    ./correctReads.sh 11 > ./correctReads.000011.out 2>&1

-- Finished on Fri Apr  8 21:57:51 2022 (12877 seconds, it'll be worth it in the end) with 16058.034 GB free disk space
----------------------------------------
-- Found 11 read correction output files.
-- Finished stage 'cor-generateCorrectedReadsCheck', reset canuIteration.
-- Found 11 read correction output files.
-- Finished stage 'cor-generateCorrectedReadsCheck', reset canuIteration.
--
-- Loading corrected reads into corStore and seqStore.
----------------------------------------
-- Starting command on Fri Apr  8 21:57:51 2022 with 16058.034 GB free disk space

    cd correction
    /sw/bioinfo/canu/2.2/rackham/bin/loadCorrectedReads \
      -S ../ass_pb.seqStore \
      -C ./ass_pb.corStore \
      -L ./2-correction/corjob.files \
    >  ./ass_pb.loadCorrectedReads.log \
    2> ./ass_pb.loadCorrectedReads.err

-- Finished on Fri Apr  8 21:58:11 2022 (20 seconds) with 16057.58 GB free disk space
----------------------------------------
--
-- In sequence store './ass_pb.seqStore':
--   Found 95308 reads.
--   Found 781880664 bases (32.57 times coverage).
--    Histogram of corrected reads:
--    
--    G=781880664                        sum of  ||               length     num
--    NG         length     index       lengths  ||                range    seqs
--    ----- ------------ --------- ------------  ||  ------------------- -------
--    00010        15305      4344     78198231  ||       1000-1634         1064|---------
--    00020        12789      9976    156379546  ||       1635-2269         1090|----------
--    00030        11235     16516    234569885  ||       2270-2904         1103|----------
--    00040        10104     23872    312753806  ||       2905-3539         1332|------------
--    00050         9185     31992    390941068  ||       3540-4174         2931|-------------------------
--    00060         8296     40941    469129715  ||       4175-4809         7548|---------------------------------------------------------------
--    00070         7383     50917    547318625  ||       4810-5444         7479|---------------------------------------------------------------
--    00080         6372     62280    625506985  ||       5445-6079         7234|-------------------------------------------------------------
--    00090         5183     75826    703695289  ||       6080-6714         7046|-----------------------------------------------------------
--    00100         1000     95307    781880664  ||       6715-7349         7218|-------------------------------------------------------------
--    001.000x               95308    781880664  ||       7350-7984         6942|----------------------------------------------------------
--                                               ||       7985-8619         6647|--------------------------------------------------------
--                                               ||       8620-9254         6308|-----------------------------------------------------
--                                               ||       9255-9889         5773|-------------------------------------------------
--                                               ||       9890-10524        4867|-----------------------------------------
--                                               ||      10525-11159        3795|--------------------------------
--                                               ||      11160-11794        3115|--------------------------
--                                               ||      11795-12429        2553|----------------------
--                                               ||      12430-13064        2125|------------------
--                                               ||      13065-13699        1728|---------------
--                                               ||      13700-14334        1420|------------
--                                               ||      14335-14969        1118|----------
--                                               ||      14970-15604         958|--------
--                                               ||      15605-16239         756|-------
--                                               ||      16240-16874         664|------
--                                               ||      16875-17509         526|-----
--                                               ||      17510-18144         411|----
--                                               ||      18145-18779         339|---
--                                               ||      18780-19414         252|---
--                                               ||      19415-20049         237|--
--                                               ||      20050-20684         164|--
--                                               ||      20685-21319         125|--
--                                               ||      21320-21954          97|-
--                                               ||      21955-22589          71|-
--                                               ||      22590-23224          53|-
--                                               ||      23225-23859          51|-
--                                               ||      23860-24494          39|-
--                                               ||      24495-25129          27|-
--                                               ||      25130-25764          22|-
--                                               ||      25765-26399          19|-
--                                               ||      26400-27034          19|-
--                                               ||      27035-27669          11|-
--                                               ||      27670-28304           9|-
--                                               ||      28305-28939           8|-
--                                               ||      28940-29574           5|-
--                                               ||      29575-30209           2|-
--                                               ||      30210-30844           0|
--                                               ||      30845-31479           2|-
--                                               ||      31480-32114           2|-
--                                               ||      32115-32749           3|-
--    
--
-- Purging correctReads output after loading into stores.
-- Purged 11 .cns outputs.
-- Purged 22 .out job log outputs.
--
-- No corrected reads generated, overlaps used for correction saved.
-- Finished stage 'cor-loadCorrectedReads', reset canuIteration.
----------------------------------------
-- Starting command on Fri Apr  8 21:58:12 2022 with 16057.571 GB free disk space

    cd .
    /sw/bioinfo/canu/2.2/rackham/bin/sqStoreDumpFASTQ \
      -corrected \
      -S ./ass_pb.seqStore \
      -o ./ass_pb.correctedReads.gz \
      -fasta \
      -nolibname \
    > ass_pb.correctedReads.fasta.err 2>&1

-- Finished on Fri Apr  8 21:58:37 2022 (25 seconds) with 16057.299 GB free disk space
----------------------------------------
--
-- Corrected reads saved in 'ass_pb.correctedReads.fasta.gz'.
-- Finished stage 'cor-dumpCorrectedReads', reset canuIteration.
--
-- BEGIN TRIMMING
----------------------------------------
-- Starting command on Fri Apr  8 21:58:37 2022 with 16057.299 GB free disk space

    cd trimming/0-mercounts
    ./meryl-configure.sh \
    > ./meryl-configure.err 2>&1

-- Finished on Fri Apr  8 21:58:37 2022 (like a bat out of hell) with 16057.299 GB free disk space
----------------------------------------
--  segments   memory batches
--  -------- -------- -------
--        01  2.87 GB       2
--        02  1.56 GB       2
--        04  0.78 GB       2
--        06  0.52 GB       2
--
--  For 95308 reads with 781880664 bases, limit to 7 batches.
--  Will count kmers using 01 jobs, each using 4 GB and 4 threads.
--
-- Finished stage 'merylConfigure', reset canuIteration.
--
-- Running jobs.  First attempt out of 2.
----------------------------------------
-- Starting 'meryl' concurrent execution on Fri Apr  8 21:58:37 2022 with 16057.299 GB free disk space (1 processes; 1 concurrently)

    cd trimming/0-mercounts
    ./meryl-count.sh 1 > ./meryl-count.000001.out 2>&1

-- Finished on Fri Apr  8 22:00:43 2022 (126 seconds) with 16056.477 GB free disk space
----------------------------------------
-- Found 1 Kmer counting (meryl) outputs.
-- Finished stage 'obt-merylCountCheck', reset canuIteration.
--
-- Running jobs.  First attempt out of 2.
----------------------------------------
-- Starting 'meryl' concurrent execution on Fri Apr  8 22:00:43 2022 with 16056.477 GB free disk space (1 processes; 1 concurrently)

    cd trimming/0-mercounts
    ./meryl-process.sh 1 > ./meryl-process.000001.out 2>&1

-- Finished on Fri Apr  8 22:00:52 2022 (9 seconds) with 16056.237 GB free disk space
----------------------------------------
-- Meryl finished successfully.  Kmer frequency histogram:
--
--  22-mers                                                                                           Fraction
--    Occurrences   NumMers                                                                         Unique Total
--       1-     1         0                                                                        0.0000 0.0000
--       2-     2   6892349 ***********************************************************            0.1816 0.0188
--       3-     6   7750895 ******************************************************************     0.2634 0.0314
--       7-    13   5157900 ********************************************                           0.4114 0.0713
--      14-    23   6873088 ***********************************************************            0.5379 0.1419
--      24-    36   8142298 ********************************************************************** 0.7230 0.3306
--      37-    52   2294680 *******************                                                    0.9266 0.6481
--      53-    71    292711 **                                                                     0.9784 0.7616
--      72-    93    128829 *                                                                      0.9855 0.7840
--      94-   118     86591                                                                        0.9888 0.7979
--     119-   146     60934                                                                        0.9910 0.8103
--     147-   177     50365                                                                        0.9926 0.8210
--     178-   211     43968                                                                        0.9939 0.8323
--     212-   248     30638                                                                        0.9950 0.8436
--     249-   288     26625                                                                        0.9958 0.8531
--     289-   331     23355                                                                        0.9965 0.8629
--     332-   377     19232                                                                        0.9972 0.8726
--     378-   426     17850                                                                        0.9977 0.8819
--     427-   478     14847                                                                        0.9981 0.8916
--     479-   533     14719                                                                        0.9985 0.9007
--     534-   591     11157                                                                        0.9989 0.9109
--     592-   652      2409                                                                        0.9992 0.9192
--     653-   716      1852                                                                        0.9993 0.9212
--     717-   783      1409                                                                        0.9993 0.9230
--     784-   853      1436                                                                        0.9993 0.9244
--     854-   926      1460                                                                        0.9994 0.9260
--     927-  1002      1270                                                                        0.9994 0.9278
--    1003-  1081      1179                                                                        0.9994 0.9294
--    1082-  1163      1131                                                                        0.9995 0.9311
--    1164-  1248      1098                                                                        0.9995 0.9328
--    1249-  1336       882                                                                        0.9995 0.9346
--    1337-  1427       877                                                                        0.9996 0.9362
--    1428-  1521       897                                                                        0.9996 0.9378
--    1522-  1618      1127                                                                        0.9996 0.9396
--    1619-  1718      1275                                                                        0.9996 0.9420
--    1719-  1821      1198                                                                        0.9997 0.9449
--    1822-  1927      1331                                                                        0.9997 0.9478
--    1928-  2036       512                                                                        0.9997 0.9512
--    2037-  2148       376                                                                        0.9998 0.9526
--    2149-  2263       425                                                                        0.9998 0.9536
--    2264-  2381       506                                                                        0.9998 0.9549
--
--           0 (max occurrences)
--   734740567 (total mers, non-unique)
--    37963830 (distinct mers, non-unique)
--           0 (unique mers)
-- Finished stage 'meryl-process', reset canuIteration.
--
-- Removing meryl database 'trimming/0-mercounts/ass_pb.ms22'.
--
-- OVERLAPPER (normal) (trimming) erate=0.045
--
----------------------------------------
-- Starting command on Fri Apr  8 22:00:53 2022 with 16056.238 GB free disk space

    cd trimming/1-overlapper
    /sw/bioinfo/canu/2.2/rackham/bin/overlapInCorePartition \
     -S  ../../ass_pb.seqStore \
     -hl 80000000 \
     -rl 1000000000 \
     -ol 500 \
     -o  ./ass_pb.partition \
    > ./ass_pb.partition.err 2>&1

-- Finished on Fri Apr  8 22:00:53 2022 (lickety-split) with 16056.24 GB free disk space
----------------------------------------
--
-- Configured 10 overlapInCore jobs.
-- Finished stage 'obt-overlapConfigure', reset canuIteration.
--
-- Running jobs.  First attempt out of 2.
----------------------------------------
-- Starting 'obtovl' concurrent execution on Fri Apr  8 22:00:53 2022 with 16056.24 GB free disk space (10 processes; 1 concurrently)

    cd trimming/1-overlapper
    ./overlap.sh 1 > ./overlap.000001.out 2>&1
    ./overlap.sh 2 > ./overlap.000002.out 2>&1
    ./overlap.sh 3 > ./overlap.000003.out 2>&1
    ./overlap.sh 4 > ./overlap.000004.out 2>&1
    ./overlap.sh 5 > ./overlap.000005.out 2>&1
    ./overlap.sh 6 > ./overlap.000006.out 2>&1
    ./overlap.sh 7 > ./overlap.000007.out 2>&1
    ./overlap.sh 8 > ./overlap.000008.out 2>&1
    ./overlap.sh 9 > ./overlap.000009.out 2>&1
    ./overlap.sh 10 > ./overlap.000010.out 2>&1

-- Finished on Fri Apr  8 23:13:28 2022 (4355 seconds) with 16144.812 GB free disk space
----------------------------------------
-- Found 10 overlapInCore output files.
--
-- overlapInCore compute 'trimming/1-overlapper':
--   kmer hits
--     with no overlap        124711826  12471182.6 +- 6978963.991
--     with an overlap         12081467   1208146.7 +- 1373399.89
--
--   overlaps                  12080410     1208041 +- 1373211.434
--     contained                      0           0 +- 0
--     dovetail                       0           0 +- 0
--
--   overlaps rejected
--     multiple per pair              0           0 +- 0
--     bad short window               0           0 +- 0
--     bad long window                0           0 +- 0
-- Finished stage 'obt-overlapCheck', reset canuIteration.
----------------------------------------
-- Starting command on Fri Apr  8 23:13:28 2022 with 16144.811 GB free disk space

    cd trimming
    /sw/bioinfo/canu/2.2/rackham/bin/ovStoreConfig \
     -S ../ass_pb.seqStore \
     -M 9 \
     -L ./1-overlapper/ovljob.files \
     -create ./ass_pb.ovlStore.config \
     > ./ass_pb.ovlStore.config.txt \
    2> ./ass_pb.ovlStore.config.err

-- Finished on Fri Apr  8 23:13:28 2022 (fast as lightning) with 16144.811 GB free disk space
----------------------------------------
--
-- Creating overlap store trimming/ass_pb.ovlStore using:
--      2 buckets
--      2 slices
--        using at most 2 GB memory each
-- Finished stage 'obt-overlapStoreConfigure', reset canuIteration.
--
-- Running jobs.  First attempt out of 2.
----------------------------------------
-- Starting 'ovB' concurrent execution on Fri Apr  8 23:13:28 2022 with 16144.811 GB free disk space (2 processes; 4 concurrently)

    cd trimming/ass_pb.ovlStore.BUILDING
    ./scripts/1-bucketize.sh 1 > ./logs/1-bucketize.000001.out 2>&1
    ./scripts/1-bucketize.sh 2 > ./logs/1-bucketize.000002.out 2>&1

-- Finished on Fri Apr  8 23:13:35 2022 (7 seconds) with 16144.384 GB free disk space
----------------------------------------
-- Overlap store bucketizer finished.
-- Finished stage 'obt-overlapStoreBucketizerCheck', reset canuIteration.
--
-- Running jobs.  First attempt out of 2.
----------------------------------------
-- Starting 'ovS' concurrent execution on Fri Apr  8 23:13:35 2022 with 16144.384 GB free disk space (2 processes; 4 concurrently)

    cd trimming/ass_pb.ovlStore.BUILDING
    ./scripts/2-sort.sh 1 > ./logs/2-sort.000001.out 2>&1
    ./scripts/2-sort.sh 2 > ./logs/2-sort.000002.out 2>&1

-- Finished on Fri Apr  8 23:13:48 2022 (13 seconds) with 16143.9 GB free disk space
----------------------------------------
-- Overlap store sorter finished.
-- Finished stage 'obt-overlapStoreSorterCheck', reset canuIteration.
----------------------------------------
-- Starting command on Fri Apr  8 23:13:48 2022 with 16143.9 GB free disk space

    cd trimming
    /sw/bioinfo/canu/2.2/rackham/bin/ovStoreIndexer \
      -O  ./ass_pb.ovlStore.BUILDING \
      -S ../ass_pb.seqStore \
      -C  ./ass_pb.ovlStore.config \
      -delete \
    > ./ass_pb.ovlStore.BUILDING.index.err 2>&1

-- Finished on Fri Apr  8 23:13:48 2022 (lickety-split) with 16143.879 GB free disk space
----------------------------------------
-- Overlap store indexer finished.
-- Checking store.
----------------------------------------
-- Starting command on Fri Apr  8 23:13:48 2022 with 16143.879 GB free disk space

    cd trimming
    /sw/bioinfo/canu/2.2/rackham/bin/ovStoreDump \
     -S ../ass_pb.seqStore \
     -O  ./ass_pb.ovlStore \
     -counts \
     > ./ass_pb.ovlStore/counts.dat 2> ./ass_pb.ovlStore/counts.err

-- Finished on Fri Apr  8 23:13:48 2022 (lickety-split) with 16143.877 GB free disk space
----------------------------------------
--
-- Overlap store 'trimming/ass_pb.ovlStore' successfully constructed.
-- Found 24162934 overlaps for 94912 reads; 138940 reads have no overlaps.
--
--
-- Purged 0.231 GB in 30 overlap output files.
-- Finished stage 'obt-createOverlapStore', reset canuIteration.
----------------------------------------
-- Starting command on Fri Apr  8 23:13:49 2022 with 16143.876 GB free disk space

    cd trimming/3-overlapbasedtrimming
    /sw/bioinfo/canu/2.2/rackham/bin/trimReads \
      -S  ../../ass_pb.seqStore \
      -O  ../ass_pb.ovlStore \
      -Co ./ass_pb.1.trimReads.clear \
      -e  0.045 \
      -minlength 1000 \
      -ol 500 \
      -oc 2 \
      -o  ./ass_pb.1.trimReads \
    >     ./ass_pb.1.trimReads.err 2>&1

-- Finished on Fri Apr  8 23:14:01 2022 (12 seconds) with 16143.879 GB free disk space
----------------------------------------
--  PARAMETERS:
--  ----------
--     1000    (reads trimmed below this many bases are deleted)
--   0.0450    (use overlaps at or below this fraction error)
--      500    (break region if overlap is less than this long, for 'largest covered' algorithm)
--        2    (break region if overlap coverage is less than this many reads, for 'largest covered' algorithm)
--  
--  INPUT READS:
--  -----------
--  233852 reads    781880664 bases (reads processed)
--       0 reads            0 bases (reads not processed, previously deleted)
--       0 reads            0 bases (reads not processed, in a library where trimming isn't allowed)
--  
--  OUTPUT READS:
--  ------------
--   59475 reads    458962183 bases (trimmed reads output)
--   34317 reads    292174453 bases (reads with no change, kept as is)
--  138940 reads      1126500 bases (reads with no overlaps, deleted)
--    1120 reads      3938002 bases (reads with short trimmed length, deleted)
--  
--  TRIMMING DETAILS:
--  ----------------
--   41066 reads     13155576 bases (bases trimmed from the 5' end of a read)
--   36710 reads     12523950 bases (bases trimmed from the 3' end of a read)
-- Finished stage 'obt-trimReads', reset canuIteration.
----------------------------------------
-- Starting command on Fri Apr  8 23:14:01 2022 with 16143.879 GB free disk space

    cd trimming/3-overlapbasedtrimming
    /sw/bioinfo/canu/2.2/rackham/bin/splitReads \
      -S  ../../ass_pb.seqStore \
      -O  ../ass_pb.ovlStore \
      -Ci ./ass_pb.1.trimReads.clear \
      -Co ./ass_pb.2.splitReads.clear \
      -e  0.045 \
      -minlength 1000 \
      -o  ./ass_pb.2.splitReads \
    >     ./ass_pb.2.splitReads.err 2>&1

-- Finished on Fri Apr  8 23:14:09 2022 (8 seconds) with 16143.875 GB free disk space
----------------------------------------
--  PARAMETERS:
--  ----------
--     1000    (reads trimmed below this many bases are deleted)
--   0.0450    (use overlaps at or below this fraction error)
--  INPUT READS:
--  -----------
--   93792 reads    776816162 bases (reads processed)
--  140060 reads      5064502 bases (reads not processed, previously deleted)
--       0 reads            0 bases (reads not processed, in a library where trimming isn't allowed)
--  
--  PROCESSED:
--  --------
--       0 reads            0 bases (no overlaps)
--      38 reads       150048 bases (no coverage after adjusting for trimming done already)
--       0 reads            0 bases (processed for chimera)
--       0 reads            0 bases (processed for spur)
--   93754 reads    776666114 bases (processed for subreads)
--  
--  READS WITH SIGNALS:
--  ------------------
--       0 reads            0 signals (number of 5' spur signal)
--       0 reads            0 signals (number of 3' spur signal)
--       0 reads            0 signals (number of chimera signal)
--      19 reads           20 signals (number of subread signal)
--  
--  SIGNALS:
--  -------
--       0 reads            0 bases (size of 5' spur signal)
--       0 reads            0 bases (size of 3' spur signal)
--       0 reads            0 bases (size of chimera signal)
--      20 reads         4501 bases (size of subread signal)
--  
--  TRIMMING:
--  --------
--       9 reads        51119 bases (trimmed from the 5' end of the read)
--      10 reads        59640 bases (trimmed from the 3' end of the read)
-- Finished stage 'obt-splitReads', reset canuIteration.
----------------------------------------
-- Starting command on Fri Apr  8 23:14:10 2022 with 16143.875 GB free disk space

    cd trimming/3-overlapbasedtrimming
    /sw/bioinfo/canu/2.2/rackham/bin/loadTrimmedReads \
      -S ../../ass_pb.seqStore \
      -c ./ass_pb.2.splitReads.clear \
    > ./ass_pb.loadTrimmedReads.err 2>&1

-- Finished on Fri Apr  8 23:14:15 2022 (5 seconds) with 16143.851 GB free disk space
----------------------------------------
--
-- In sequence store './ass_pb.seqStore':
--   Found 93792 reads.
--   Found 751025877 bases (31.29 times coverage).
--    Histogram of corrected-trimmed reads:
--    
--    G=751025877                        sum of  ||               length     num
--    NG         length     index       lengths  ||                range    seqs
--    ----- ------------ --------- ------------  ||  ------------------- -------
--    00010        15188      4208     75106844  ||       1000-1632         1354|------------
--    00020        12669      9664    150205440  ||       1633-2265         1323|------------
--    00030        11125     16012    225318670  ||       2266-2898         1461|-------------
--    00040         9995     23147    300418912  ||       2899-3531         1831|----------------
--    00050         9074     31032    375517441  ||       3532-4164         3660|--------------------------------
--    00060         8172     39746    450617421  ||       4165-4797         7413|---------------------------------------------------------------
--    00070         7246     49493    525722734  ||       4798-5430         7364|---------------------------------------------------------------
--    00080         6227     60640    600823081  ||       5431-6063         7005|------------------------------------------------------------
--    00090         5034     74001    675923806  ||       6064-6696         6860|-----------------------------------------------------------
--    00100         1000     93791    751025877  ||       6697-7329         6951|------------------------------------------------------------
--    001.000x               93792    751025877  ||       7330-7962         6667|---------------------------------------------------------
--                                               ||       7963-8595         6299|------------------------------------------------------
--                                               ||       8596-9228         5978|---------------------------------------------------
--                                               ||       9229-9861         5437|-----------------------------------------------
--                                               ||       9862-10494        4538|---------------------------------------
--                                               ||      10495-11127        3655|--------------------------------
--                                               ||      11128-11760        2982|--------------------------
--                                               ||      11761-12393        2433|---------------------
--                                               ||      12394-13026        1959|-----------------
--                                               ||      13027-13659        1625|--------------
--                                               ||      13660-14292        1324|------------
--                                               ||      14293-14925        1071|----------
--                                               ||      14926-15558         919|--------
--                                               ||      15559-16191         731|-------
--                                               ||      16192-16824         624|------
--                                               ||      16825-17457         497|-----
--                                               ||      17458-18090         368|----
--                                               ||      18091-18723         330|---
--                                               ||      18724-19356         235|--
--                                               ||      19357-19989         215|--
--                                               ||      19990-20622         152|--
--                                               ||      20623-21255         119|--
--                                               ||      21256-21888          97|-
--                                               ||      21889-22521          64|-
--                                               ||      22522-23154          47|-
--                                               ||      23155-23787          50|-
--                                               ||      23788-24420          36|-
--                                               ||      24421-25053          27|-
--                                               ||      25054-25686          18|-
--                                               ||      25687-26319          17|-
--                                               ||      26320-26952          23|-
--                                               ||      26953-27585          11|-
--                                               ||      27586-28218           8|-
--                                               ||      28219-28851           3|-
--                                               ||      28852-29484           5|-
--                                               ||      29485-30117           2|-
--                                               ||      30118-30750           0|
--                                               ||      30751-31383           1|-
--                                               ||      31384-32016           2|-
--                                               ||      32017-32649           1|-
--    
--
-- No trimmed reads generated, overlaps used for trimming saved.
-- Finished stage 'obt-dumpReads', reset canuIteration.
----------------------------------------
-- Starting command on Fri Apr  8 23:14:16 2022 with 16143.85 GB free disk space

    cd .
    /sw/bioinfo/canu/2.2/rackham/bin/sqStoreDumpFASTQ \
      -trimmed \
      -S ./ass_pb.seqStore \
      -o ./ass_pb.trimmedReads.gz \
      -fasta \
      -trimmed -normal -nolibname \
    > ./ass_pb.trimmedReads.fasta.err 2>&1

-- Finished on Fri Apr  8 23:14:39 2022 (23 seconds) with 16143.614 GB free disk space
----------------------------------------
--
-- Trimmed reads saved in 'ass_pb.trimmedReads.fasta.gz'.
-- Finished stage 'cor-dumpTrimmedReads', reset canuIteration.
--
-- BEGIN ASSEMBLY
----------------------------------------
-- Starting command on Fri Apr  8 23:14:39 2022 with 16143.614 GB free disk space

    cd unitigging/0-mercounts
    ./meryl-configure.sh \
    > ./meryl-configure.err 2>&1

-- Finished on Fri Apr  8 23:14:40 2022 (one second) with 16143.614 GB free disk space
----------------------------------------
--  segments   memory batches
--  -------- -------- -------
--        01  2.75 GB       2
--        02  1.49 GB       2
--        04  0.75 GB       2
--        06  0.50 GB       2
--
--  For 93792 reads with 751025877 bases, limit to 7 batches.
--  Will count kmers using 01 jobs, each using 4 GB and 4 threads.
--
-- Finished stage 'merylConfigure', reset canuIteration.
--
-- Running jobs.  First attempt out of 2.
----------------------------------------
-- Starting 'meryl' concurrent execution on Fri Apr  8 23:14:40 2022 with 16143.614 GB free disk space (1 processes; 1 concurrently)

    cd unitigging/0-mercounts
    ./meryl-count.sh 1 > ./meryl-count.000001.out 2>&1

-- Finished on Fri Apr  8 23:16:40 2022 (120 seconds) with 16141.469 GB free disk space
----------------------------------------
-- Found 1 Kmer counting (meryl) outputs.
-- Finished stage 'utg-merylCountCheck', reset canuIteration.
--
-- Running jobs.  First attempt out of 2.
----------------------------------------
-- Starting 'meryl' concurrent execution on Fri Apr  8 23:16:40 2022 with 16141.469 GB free disk space (1 processes; 1 concurrently)

    cd unitigging/0-mercounts
    ./meryl-process.sh 1 > ./meryl-process.000001.out 2>&1

-- Finished on Fri Apr  8 23:16:48 2022 (8 seconds) with 16141.236 GB free disk space
----------------------------------------
-- Meryl finished successfully.  Kmer frequency histogram:
--
--  22-mers                                                                                           Fraction
--    Occurrences   NumMers                                                                         Unique Total
--       1-     1         0                                                                        0.0000 0.0000
--       2-     2   5804638 ***************************************************                    0.1628 0.0163
--       3-     6   6970147 *************************************************************          0.2393 0.0278
--       7-    13   5010503 ********************************************                           0.3843 0.0657
--      14-    23   6927128 ************************************************************           0.5165 0.1374
--      24-    36   7952862 ********************************************************************** 0.7148 0.3330
--      37-    52   2164310 *******************                                                    0.9261 0.6518
--      53-    71    276822 **                                                                     0.9779 0.7618
--      72-    93    122409 *                                                                      0.9850 0.7837
--      94-   118     83155                                                                        0.9884 0.7973
--     119-   146     58722                                                                        0.9907 0.8096
--     147-   177     50042                                                                        0.9923 0.8202
--     178-   211     42025                                                                        0.9937 0.8317
--     212-   248     29921                                                                        0.9948 0.8429
--     249-   288     26063                                                                        0.9957 0.8525
--     289-   331     22945                                                                        0.9964 0.8624
--     332-   377     18929                                                                        0.9970 0.8723
--     378-   426     17487                                                                        0.9976 0.8817
--     427-   478     14388                                                                        0.9981 0.8915
--     479-   533     14732                                                                        0.9985 0.9006
--     534-   591     10723                                                                        0.9989 0.9111
--     592-   652      2222                                                                        0.9992 0.9193
--     653-   716      1701                                                                        0.9992 0.9212
--     717-   783      1265                                                                        0.9993 0.9229
--     784-   853      1401                                                                        0.9993 0.9242
--     854-   926      1378                                                                        0.9994 0.9258
--     927-  1002      1227                                                                        0.9994 0.9275
--    1003-  1081      1174                                                                        0.9994 0.9292
--    1082-  1163      1032                                                                        0.9995 0.9309
--    1164-  1248      1032                                                                        0.9995 0.9325
--    1249-  1336       864                                                                        0.9995 0.9343
--    1337-  1427       855                                                                        0.9995 0.9358
--    1428-  1521       900                                                                        0.9996 0.9375
--    1522-  1618      1100                                                                        0.9996 0.9393
--    1619-  1718      1291                                                                        0.9996 0.9418
--    1719-  1821      1208                                                                        0.9997 0.9448
--    1822-  1927      1249                                                                        0.9997 0.9478
--    1928-  2036       454                                                                        0.9997 0.9511
--    2037-  2148       397                                                                        0.9997 0.9523
--    2149-  2263       471                                                                        0.9997 0.9535
--    2264-  2381       484                                                                        0.9998 0.9550
--
--           0 (max occurrences)
--   712468118 (total mers, non-unique)
--    35647677 (distinct mers, non-unique)
--           0 (unique mers)
-- Finished stage 'meryl-process', reset canuIteration.
--
-- Removing meryl database 'unitigging/0-mercounts/ass_pb.ms22'.
--
-- OVERLAPPER (normal) (assembly) erate=0.045
--
----------------------------------------
-- Starting command on Fri Apr  8 23:16:49 2022 with 16141.236 GB free disk space

    cd unitigging/1-overlapper
    /sw/bioinfo/canu/2.2/rackham/bin/overlapInCorePartition \
     -S  ../../ass_pb.seqStore \
     -hl 80000000 \
     -rl 1000000000 \
     -ol 500 \
     -o  ./ass_pb.partition \
    > ./ass_pb.partition.err 2>&1

-- Finished on Fri Apr  8 23:16:49 2022 (fast as lightning) with 16141.236 GB free disk space
----------------------------------------
--
-- Configured 10 overlapInCore jobs.
-- Finished stage 'utg-overlapConfigure', reset canuIteration.
--
-- Running jobs.  First attempt out of 2.
----------------------------------------
-- Starting 'utgovl' concurrent execution on Fri Apr  8 23:16:49 2022 with 16141.236 GB free disk space (10 processes; 1 concurrently)

    cd unitigging/1-overlapper
    ./overlap.sh 1 > ./overlap.000001.out 2>&1
    ./overlap.sh 2 > ./overlap.000002.out 2>&1
    ./overlap.sh 3 > ./overlap.000003.out 2>&1
    ./overlap.sh 4 > ./overlap.000004.out 2>&1
    ./overlap.sh 5 > ./overlap.000005.out 2>&1
    ./overlap.sh 6 > ./overlap.000006.out 2>&1
    ./overlap.sh 7 > ./overlap.000007.out 2>&1
    ./overlap.sh 8 > ./overlap.000008.out 2>&1
    ./overlap.sh 9 > ./overlap.000009.out 2>&1
    ./overlap.sh 10 > ./overlap.000010.out 2>&1

-- Finished on Sat Apr  9 00:47:07 2022 (5418 seconds, at least I didn't crash) with 16110.127 GB free disk space
----------------------------------------
-- Found 10 overlapInCore output files.
--
-- overlapInCore compute 'unitigging/1-overlapper':
--   kmer hits
--     with no overlap        113857029  11385702.9 +- 6444720.603
--     with an overlap         11141103   1114110.3 +- 1441889.735
--
--   overlaps                  11141103   1114110.3 +- 1441889.735
--     contained                4490604    449060.4 +- 648926.045
--     dovetail                 6650499    665049.9 +- 793514.628
--
--   overlaps rejected
--     multiple per pair              0           0 +- 0
--     bad short window               0           0 +- 0
--     bad long window                0           0 +- 0
-- Finished stage 'utg-overlapCheck', reset canuIteration.
----------------------------------------
-- Starting command on Sat Apr  9 00:47:07 2022 with 16110.127 GB free disk space

    cd unitigging
    /sw/bioinfo/canu/2.2/rackham/bin/ovStoreConfig \
     -S ../ass_pb.seqStore \
     -M 4 \
     -L ./1-overlapper/ovljob.files \
     -create ./ass_pb.ovlStore.config \
     > ./ass_pb.ovlStore.config.txt \
    2> ./ass_pb.ovlStore.config.err

-- Finished on Sat Apr  9 00:47:07 2022 (in the blink of an eye) with 16110.125 GB free disk space
----------------------------------------
--
-- Creating overlap store unitigging/ass_pb.ovlStore using:
--      2 buckets
--      2 slices
--        using at most 2 GB memory each
-- Finished stage 'utg-overlapStoreConfigure', reset canuIteration.
--
-- Running jobs.  First attempt out of 2.
----------------------------------------
-- Starting 'ovB' concurrent execution on Sat Apr  9 00:47:07 2022 with 16110.125 GB free disk space (2 processes; 4 concurrently)

    cd unitigging/ass_pb.ovlStore.BUILDING
    ./scripts/1-bucketize.sh 1 > ./logs/1-bucketize.000001.out 2>&1
    ./scripts/1-bucketize.sh 2 > ./logs/1-bucketize.000002.out 2>&1

-- Finished on Sat Apr  9 00:47:14 2022 (7 seconds) with 16110.038 GB free disk space
----------------------------------------
-- Overlap store bucketizer finished.
-- Finished stage 'utg-overlapStoreBucketizerCheck', reset canuIteration.
--
-- Running jobs.  First attempt out of 2.
----------------------------------------
-- Starting 'ovS' concurrent execution on Sat Apr  9 00:47:14 2022 with 16110.038 GB free disk space (2 processes; 4 concurrently)

    cd unitigging/ass_pb.ovlStore.BUILDING
    ./scripts/2-sort.sh 1 > ./logs/2-sort.000001.out 2>&1
    ./scripts/2-sort.sh 2 > ./logs/2-sort.000002.out 2>&1

-- Finished on Sat Apr  9 00:47:26 2022 (12 seconds) with 16110.061 GB free disk space
----------------------------------------
-- Overlap store sorter finished.
-- Finished stage 'utg-overlapStoreSorterCheck', reset canuIteration.
----------------------------------------
-- Starting command on Sat Apr  9 00:47:26 2022 with 16110.061 GB free disk space

    cd unitigging
    /sw/bioinfo/canu/2.2/rackham/bin/ovStoreIndexer \
      -O  ./ass_pb.ovlStore.BUILDING \
      -S ../ass_pb.seqStore \
      -C  ./ass_pb.ovlStore.config \
      -delete \
    > ./ass_pb.ovlStore.BUILDING.index.err 2>&1

-- Finished on Sat Apr  9 00:47:26 2022 (fast as lightning) with 16110.04 GB free disk space
----------------------------------------
-- Overlap store indexer finished.
-- Checking store.
----------------------------------------
-- Starting command on Sat Apr  9 00:47:26 2022 with 16110.04 GB free disk space

    cd unitigging
    /sw/bioinfo/canu/2.2/rackham/bin/ovStoreDump \
     -S ../ass_pb.seqStore \
     -O  ./ass_pb.ovlStore \
     -counts \
     > ./ass_pb.ovlStore/counts.dat 2> ./ass_pb.ovlStore/counts.err

-- Finished on Sat Apr  9 00:47:26 2022 (in the blink of an eye) with 16110.038 GB free disk space
----------------------------------------
--
-- Overlap store 'unitigging/ass_pb.ovlStore' successfully constructed.
-- Found 22282206 overlaps for 93749 reads; 140103 reads have no overlaps.
--
--
-- Purged 0.197 GB in 30 overlap output files.
----------------------------------------
-- Starting command on Sat Apr  9 00:47:27 2022 with 16110.036 GB free disk space

    cd unitigging
    /sw/bioinfo/canu/2.2/rackham/bin/ovStoreStats \
     -C 31.29 \
     -S ../ass_pb.seqStore \
     -O  ./ass_pb.ovlStore \
     -o  ./ass_pb.ovlStore \
     > ./ass_pb.ovlStore.summary.err 2>&1

-- Finished on Sat Apr  9 00:47:31 2022 (4 seconds) with 16110.023 GB free disk space
----------------------------------------
--
-- Overlap store 'unitigging/ass_pb.ovlStore' contains:
--
--   category            reads     %          read length        feature size or coverage  analysis
--   ----------------  -------  -------  ----------------------  ------------------------  --------------------
--   middle-missing         26    0.03     9641.73 +- 5018.87        522.81 +- 631.89     (bad trimming)
--   middle-hump           237    0.25     5342.94 +- 2686.27        262.58 +- 534.87     (bad trimming)
--   no-5-prime            942    1.00     7009.91 +- 3652.15        170.21 +- 383.78     (bad trimming)
--   no-3-prime            473    0.50     7093.05 +- 3688.38        172.15 +- 367.23     (bad trimming)
--   
--   low-coverage         3822    4.07     4709.76 +- 2368.91          5.59 +- 2.26       (easy to assemble, potential for lower quality consensus)
--   unique              57294   61.09     7939.20 +- 3416.44         28.82 +- 7.73       (easy to assemble, perfect, yay)
--   repeat-cont         14309   15.26     8219.34 +- 3903.28        881.94 +- 708.29     (potential for consensus errors, no impact on assembly)
--   repeat-dove            36    0.04    21314.53 +- 5128.51        561.81 +- 522.88     (hard to assemble, likely won't assemble correctly or even at all)
--   
--   span-repeat          5750    6.13     9342.05 +- 3869.06       2778.00 +- 2747.22    (read spans a large repeat, usually easy to assemble)
--   uniq-repeat-cont     9024    9.62     8067.41 +- 3564.64                             (should be uniquely placed, low potential for consensus errors, no impact on assembly)
--   uniq-repeat-dove     1811    1.93    11831.73 +- 4075.56                             (will end contigs, potential to misassemble)
--   uniq-anchor            25    0.03    11178.76 +- 5683.94        963.04 +- 1538.43    (repeat read, with unique section, probable bad read)
-- Finished stage 'utg-createOverlapStore', reset canuIteration.
--
-- Loading read lengths.
-- Loading number of overlaps per read.
--
-- Configure RED for 16gb memory.
--                   Batches of at most (unlimited) reads.
--                                      500000000 bases.
--                   Expecting evidence of at most 536870912 bases per iteration.
--
--           Total                                               Reads                 Olaps Evidence
--    Job   Memory      Read Range         Reads        Bases   Memory        Olaps   Memory   Memory  (Memory in MB)
--   ---- -------- ------------------- --------- ------------ -------- ------------ -------- --------
--      1 16384.02         1-28030         13593    108958398 13301.01       961973    11.01  1024.00
--      2 16384.48     28031-56520         13817    108955547 13300.67      1031925    11.81  1024.00
--      3 16384.46     56521-85210         13394    108870418 13290.27      1939238    22.19  1024.00
--      4 16384.58     85211-139493        14709    108933815 13298.05      1269607    14.53  1024.00
--      5 16384.51    139494-175480        13182    107922835 13174.59     12051905   137.92  1024.00
--      6 16384.09    175481-205024        13261    108642376 13262.43      4339609    49.66  1024.00
--      7 15752.04    205025-233852        13352    103806990 12672.17       687949     7.87  1024.00
--   ---- -------- ------------------- --------- ------------ -------- ------------ -------- --------
--                                                  756090379              22282206
-- Finished stage 'readErrorDetectionConfigure', reset canuIteration.
--
-- Running jobs.  First attempt out of 2.
----------------------------------------
-- Starting 'red' concurrent execution on Sat Apr  9 00:47:33 2022 with 16110.493 GB free disk space (7 processes; 1 concurrently)

    cd unitigging/3-overlapErrorAdjustment
    ./red.sh 1 > ./red.000001.out 2>&1
    ./red.sh 2 > ./red.000002.out 2>&1
    ./red.sh 3 > ./red.000003.out 2>&1
    ./red.sh 4 > ./red.000004.out 2>&1
    ./red.sh 5 > ./red.000005.out 2>&1
    ./red.sh 6 > ./red.000006.out 2>&1
    ./red.sh 7 > ./red.000007.out 2>&1

-- Finished on Sat Apr  9 01:08:58 2022 (1285 seconds) with 16181.354 GB free disk space
----------------------------------------
-- Found 7 read error detection output files.
-- Finished stage 'readErrorDetectionCheck', reset canuIteration.
--
-- Loading read lengths.
-- Loading number of overlaps per read.
--
-- Configure OEA for 8gb memory.
--                   Batches of at most (unlimited) reads.
--                                      300000000 bases.
--
--           Total                                               Reads                 Olaps  Adjusts
--    Job   Memory      Read Range         Reads        Bases   Memory        Olaps   Memory   Memory  (Memory in MB)
--   ---- -------- ------------------- --------- ------------ -------- ------------ -------- --------
--      1  2831.90         1-78508         37515    300008080   295.25      3625777   110.65   378.00
--      2  3171.57     78509-189419        37879    300015426   295.27     14755298   450.30   378.00
--      3  2702.49    189420-233852        19914    156066873   157.44      3901131   119.05   378.00
--   ---- -------- ------------------- --------- ------------ -------- ------------ -------- --------
--                                                  756090379              22282206
-- Finished stage 'overlapErrorAdjustmentConfigure', reset canuIteration.
--
-- Running jobs.  First attempt out of 2.
----------------------------------------
-- Starting 'oea' concurrent execution on Sat Apr  9 01:09:00 2022 with 16181.332 GB free disk space (3 processes; 4 concurrently)

    cd unitigging/3-overlapErrorAdjustment
    ./oea.sh 1 > ./oea.000001.out 2>&1
    ./oea.sh 2 > ./oea.000002.out 2>&1
    ./oea.sh 3 > ./oea.000003.out 2>&1

-- Finished on Sat Apr  9 01:35:38 2022 (1598 seconds) with 16177.959 GB free disk space
----------------------------------------
-- Found 3 overlap error adjustment output files.
-- Finished stage 'overlapErrorAdjustmentCheck', reset canuIteration.
----------------------------------------
-- Starting command on Sat Apr  9 01:35:38 2022 with 16177.959 GB free disk space

    cd unitigging/3-overlapErrorAdjustment
    /sw/bioinfo/canu/2.2/rackham/bin/loadErates \
      -S ../../ass_pb.seqStore \
      -O ../ass_pb.ovlStore \
      -L ./oea.files \
    > ./oea.apply.err 2>&1

-- Finished on Sat Apr  9 01:35:39 2022 (one second) with 16177.917 GB free disk space
----------------------------------------
-- No report available.
-- Finished stage 'updateOverlapStore', reset canuIteration.
-- Finished stage 'unitig', reset canuIteration.
--
-- Running jobs.  First attempt out of 2.
----------------------------------------
-- Starting 'bat' concurrent execution on Sat Apr  9 01:35:39 2022 with 16177.917 GB free disk space (1 processes; 1 concurrently)

    cd unitigging/4-unitigger
    ./unitigger.sh 1 > ./unitigger.000001.out 2>&1

-- Finished on Sat Apr  9 01:35:57 2022 (18 seconds) with 16177.889 GB free disk space
----------------------------------------
-- Unitigger finished successfully.
--  
--  ERROR RATES
--  -----------
--                                                   --------threshold------
--  102390                       fraction error      fraction        percent
--  samples                              (1e-5)         error          error
--                   --------------------------      --------       --------
--  command line (-eg)                           ->   4500.00        4.5000%
--  command line (-ef)                           ->  -----.--      ---.----%
--  command line (-eM)                           ->   4500.00        4.5000%
--  mean + std.dev     352.13 +-  12 *   443.99  ->   5680.01        5.6800%
--  median + mad       214.00 +-  12 *   158.00  ->   3025.01        3.0250%  (enabled)
--  90th percentile                              ->    818.00        0.8180%
--  
--  BEST EDGE FILTERING
--  -------------------
--  At graph threshold 4.5000%, reads:
--    available to have edges:        10507
--    with at least one edge:         10157
--  
--  At max threshold 4.5000%, reads:  (not computed)
--    available to have edges:            0
--    with at least one edge:             0
--  
--  At tight threshold 3.0250%, reads with:
--    both edges below error threshold:      9880  (80.00% minReadsBest threshold = 8125)
--    one  edge  above error threshold:       261
--    both edges above error threshold:        16
--    at least one edge:                    10157
--  
--  At loose threshold 4.5000%, reads with:
--    both edges below error threshold:     10157  (80.00% minReadsBest threshold = 8125)
--    one  edge  above error threshold:         0
--    both edges above error threshold:         0
--    at least one edge:                    10157
--  
--  
--  INITIAL EDGES
--  -------- ----------------------------------------
--     80122 reads are contained
--    143469 reads have no best edges (singleton)
--      1447 reads have only one best edge (spur) 
--               1388 are mutual best
--      8814 reads have two best edges 
--                542 have one mutual best edge
--               8236 have two mutual best edges
--  
--  
--  FINAL EDGES
--  -------- ----------------------------------------
--     80122 reads are contained
--    143597 reads have no best edges (singleton)
--      1511 reads have only one best edge (spur) 
--               1463 are mutual best
--      8622 reads have two best edges 
--                413 have one mutual best edge
--               8180 have two mutual best edges
--  
--  
--  EDGE FILTERING
--  -------- ------------------------------------------
--         0 reads are ignored
--      2989 reads have a gap in overlap coverage
--        69 reads have lopsided best edges
-- Found, in version 1, after unitig construction:
--   contigs:      525 sequences, total length 27132611 bp (including 50 repeats of total length 719659 bp).
--   bubbles:      85 sequences, total length 1659415 bp.
--   unassembled:  6647 sequences, total length 38018245 bp.
--
-- Contig sizes based on genome size 24mbp:
--
--            NG (bp)  LG (contigs)    sum (bp)
--         ----------  ------------  ----------
--     10     2739490             1     2739490
--     20     1253525             3     5502690
--     30      683601             5     7395243
--     40      612573             9     9899861
--     50      457690            13    12002487
--     60      277914            20    14432283
--     70      171132            31    16867790
--     80       64295            55    19243156
--     90       27341           116    21615212
--    100       16515           230    24006508
--    110        9599           419    26400787
--
-- Finished stage 'unitigCheck', reset canuIteration.
----------------------------------------
-- Starting command on Sat Apr  9 01:35:57 2022 with 16177.889 GB free disk space

    cd unitigging
    /sw/bioinfo/canu/2.2/rackham/bin/utgcns \
      -S ../ass_pb.seqStore \
      -T  ./ass_pb.ctgStore 1 \
      -partition 0.8 1 0.1 \
    > ./ass_pb.ctgStore/partitioning.log 2>&1

-- Finished on Sat Apr  9 01:36:07 2022 (10 seconds) with 16177.479 GB free disk space
----------------------------------------
-- Using slow alignment for consensus (iteration '0').
-- Configured 5 consensus jobs.
-- Finished stage 'consensusConfigure', reset canuIteration.
--
-- Local: cns        3.125 GB    4 CPUs x   1 job      3.125 GB   4 CPUs  (consensus)
--
--
-- Running jobs.  First attempt out of 2.
----------------------------------------
-- Starting 'cns' concurrent execution on Sat Apr  9 01:36:08 2022 with 16177.479 GB free disk space (5 processes; 1 concurrently)

    cd unitigging/5-consensus
    ./consensus.sh 1 > ./consensus.000001.out 2>&1
    ./consensus.sh 2 > ./consensus.000002.out 2>&1
    ./consensus.sh 3 > ./consensus.000003.out 2>&1
    ./consensus.sh 4 > ./consensus.000004.out 2>&1
    ./consensus.sh 5 > ./consensus.000005.out 2>&1

-- Finished on Sat Apr  9 01:47:24 2022 (676 seconds) with 16176.544 GB free disk space
----------------------------------------
-- Using slow alignment for consensus (iteration '1').
-- Configured 5 consensus jobs.
-- All 5 consensus jobs finished successfully.
-- Finished stage 'consensusCheck', reset canuIteration.
-- Using slow alignment for consensus (iteration '0').
-- Configured 5 consensus jobs.
----------------------------------------
-- Starting command on Sat Apr  9 01:47:24 2022 with 16176.544 GB free disk space

    cd unitigging
    /sw/bioinfo/canu/2.2/rackham/bin/tgStoreLoad \
      -S ../ass_pb.seqStore \
      -T  ./ass_pb.ctgStore 2 \
      -L ./5-consensus/ctgcns.files \
    > ./5-consensus/ctgcns.files.ctgStoreLoad.err 2>&1

-- Finished on Sat Apr  9 01:47:39 2022 (15 seconds) with 16176.41 GB free disk space
----------------------------------------
-- Purging consensus output after loading to ctgStore.
-- Purged 5 .cns outputs.
----------------------------------------
-- Starting command on Sat Apr  9 01:47:39 2022 with 16176.409 GB free disk space

    cd unitigging
    /sw/bioinfo/canu/2.2/rackham/bin/tgStoreDump \
      -S ../ass_pb.seqStore \
      -T ./ass_pb.ctgStore 2 \
      -sizes -s 24000000 \
    > ./ass_pb.ctgStore/seqDB.v002.sizes.txt

-- Finished on Sat Apr  9 01:47:52 2022 (13 seconds) with 16176.438 GB free disk space
----------------------------------------
-- Found, in version 2, after consensus generation:
--   contigs:      525 sequences, total length 27031754 bp (including 50 repeats of total length 709355 bp).
--   bubbles:      85 sequences, total length 1654980 bp.
--   unassembled:  6647 sequences, total length 38012231 bp.
--
-- Contig sizes based on genome size 24mbp:
--
--            NG (bp)  LG (contigs)    sum (bp)
--         ----------  ------------  ----------
--     10     2731709             1     2731709
--     20     1250131             3     5487008
--     30      681553             5     7374206
--     40      611021             9     9872442
--     50      451672            14    12420892
--     60      275842            21    14667319
--     70      170478            31    16820202
--     80       63400            56    19250095
--     90       26334           118    21605707
--    100       16362           234    24001371
--    110        9024           429    26401329
--
-- Finished stage 'consensusLoad', reset canuIteration.
----------------------------------------
-- Starting command on Sat Apr  9 01:47:52 2022 with 16176.438 GB free disk space

    cd .
    /sw/bioinfo/canu/2.2/rackham/bin/tgStoreDump \
      -S ./ass_pb.seqStore \
      -T ./unitigging/ass_pb.ctgStore 2 \
      -o ./ass_pb.contigs \
      -layout \
    > ./ass_pb.contigs.layout.err 2>&1

-- Finished on Sat Apr  9 01:48:06 2022 (14 seconds) with 16176.363 GB free disk space
----------------------------------------
----------------------------------------
-- Starting command on Sat Apr  9 01:48:06 2022 with 16176.363 GB free disk space

    cd .
    /sw/bioinfo/canu/2.2/rackham/bin/tgStoreDump \
      -S ./ass_pb.seqStore \
      -T ./unitigging/ass_pb.ctgStore 2 \
      -consensus -fasta \
      -unassembled \
    > ./ass_pb.unassembled.fasta
    2> ./ass_pb.unassembled.err

-- Finished on Sat Apr  9 01:48:22 2022 (16 seconds) with 16176.049 GB free disk space
----------------------------------------
----------------------------------------
-- Starting command on Sat Apr  9 01:48:22 2022 with 16176.049 GB free disk space

    cd .
    /sw/bioinfo/canu/2.2/rackham/bin/tgStoreDump \
      -S ./ass_pb.seqStore \
      -T ./unitigging/ass_pb.ctgStore 2 \
      -consensus -fasta \
      -contigs \
    > ./ass_pb.contigs.fasta
    2> ./ass_pb.contigs.err

-- Finished on Sat Apr  9 01:48:37 2022 (15 seconds) with 16175.833 GB free disk space
----------------------------------------
-- Finished stage 'generateOutputs', reset canuIteration.
--
-- Assembly 'ass_pb' finished in '/domus/h1/mathi/genome_analysis/durianproject/analyses/2_assembly'.
--
-- Summary saved in 'ass_pb.report'.
--
-- Sequences saved:
--   Contigs       -> 'ass_pb.contigs.fasta'
--   Unassembled   -> 'ass_pb.unassembled.fasta'
--
-- Read layouts saved:
--   Contigs       -> 'ass_pb.contigs.layout'.
--
-- Bye.
